Arguments: 
  C:\Program Files\nodejs\node.exe C:\Users\Administrator\AppData\Roaming\npm\node_modules\yarn\bin\yarn.js

PATH: 
  C:\Program Files\Git\mingw64\bin;C:\Program Files\Git\usr\bin;C:\Users\Administrator\bin;C:\Windows\system32;C:\Windows;C:\Windows\System32\Wbem;C:\Windows\System32\WindowsPowerShell\v1.0;C:\Program Files\Git\cmd;C:\Program Files\TortoiseGit\bin;C:\Program Files\nodejs;C:\Python27;C:\Program Files\Microsoft Visual Studio 8\VC\vcpackages;C:\Program Files (x86)\Microsoft Visual Studio\2017\BuildTools\MSBuild\15.0\Bin\amd64;C:\Users\Administrator\AppData\Local\Yarn\bin;C:\Users\Administrator\AppData\Local\Programs\Microsoft VS Code\bin;C:\Users\Administrator\AppData\Roaming\npm;C:\Program Files\Huawei FastApp IDE\bin

Yarn version: 
  1.17.3

Node version: 
  12.8.0

Platform: 
  win32 x64

Trace: 
  Error: https://registry.npm.taobao.org/@tarojs%2freact: Not found
      at Request.params.callback [as _callback] (C:\Users\Administrator\AppData\Roaming\npm\node_modules\yarn\lib\cli.js:66830:18)
      at Request.self.callback (C:\Users\Administrator\AppData\Roaming\npm\node_modules\yarn\lib\cli.js:140464:22)
      at Request.emit (events.js:203:13)
      at Request.<anonymous> (C:\Users\Administrator\AppData\Roaming\npm\node_modules\yarn\lib\cli.js:141436:10)
      at Request.emit (events.js:203:13)
      at IncomingMessage.<anonymous> (C:\Users\Administrator\AppData\Roaming\npm\node_modules\yarn\lib\cli.js:141358:12)
      at Object.onceWrapper (events.js:291:20)
      at IncomingMessage.emit (events.js:208:15)
      at endReadableNT (_stream_readable.js:1168:12)
      at processTicksAndRejections (internal/process/task_queues.js:77:11)

npm manifest: 
  {
  	"name": "taro_news",
  	"version": "1.0.0",
  	"private": true,
    "description": "news",
    "templateInfo": {
      "name": "default",
      "typescript": true,
      "css": "sass"
    },
  	"scripts": {
  		"build:weapp": "taro build --type weapp",
  		"build:swan": "taro build --type swan",
  		"build:alipay": "taro build --type alipay",
  		"build:tt": "taro build --type tt",
  		"build:h5": "cross-env CLIENT_ENV=h5 taro build --type h5",
  		"build:rn": "cross-env CLIENT_ENV=rn taro build --type rn",
  		"dev:weapp": "npm run build:weapp -- --watch",
  		"dev:swan": "npm run build:swan -- --watch",
  		"dev:alipay": "npm run build:alipay -- --watch",
  		"dev:tt": "npm run build:tt -- --watch",
  		"dev:h5": "cross-env CLIENT_ENV=h5 npm run build:h5 -- --watch",
  		"dev:rn": "cross-env CLIENT_ENV=rn npm run build:rn -- --watch"
  	},
  	"author": "",
  	"license": "MIT",
  	"dependencies": {
  		"@tarojs/components": "1.3.17",
      "@tarojs/components-qa": "1.3.17",
  		"@tarojs/taro":  "1.3.17",
  		"@tarojs/taro-alipay": "1.3.17",
  		"@tarojs/taro-h5": "1.3.17",
  		"@tarojs/taro-swan": "1.3.17",
  		"@tarojs/taro-tt": "1.3.17",
  		"@tarojs/taro-weapp": "1.3.17",
  		"@tarojs/taro-quickapp": "1.3.17",
  		"nervjs": "^1.4.0"
  	},
  	"devDependencies": {
  		"@tarojs/plugin-babel": "1.3.17",
  		"@tarojs/plugin-csso": "1.3.17",
  		"@tarojs/plugin-sass": "1.3.17",
  		"@tarojs/plugin-uglifyjs": "1.3.17",
  		"@tarojs/react": "^16.4.6",
  		"@tarojs/webpack-env": "^1.13.6",
  		"@typescript-eslint/parser": "^1.6.0",
  		"babel-eslint": "^8.2.3",
  		"babel-plugin-transform-class-properties": "^6.24.1",
  		"babel-plugin-transform-decorators-legacy": "^1.3.4",
  		"babel-plugin-transform-jsx-stylesheet": "^0.6.5",
  		"babel-plugin-transform-object-rest-spread": "^6.26.0",
  		"babel-preset-env": "^1.6.1",
  		"eslint": "^5.16.0",
  		"eslint-config-taro": "1.3.17",
  		"eslint-plugin-react": "^7.8.2",
  		"eslint-plugin-react-hooks": "^1.6.1",
  		"eslint-plugin-import": "^2.12.0",
  		"eslint-plugin-taro": "1.3.17",
  		"stylelint": "9.3.0",
  		"stylelint-config-taro-rn": "1.3.17",
  		"style-taro-rn": "1.3.17",
  		"typescript": "^3.0.1"
  	}
  }

yarn manifest: 
  No manifest

Lockfile: 
  No lockfile
